<?xml version="1.0" encoding="UTF-8"?>
<!-- Generated by org.testng.reporters.JUnitXMLReporter -->
<testsuite ignored="0" hostname="DESKTOP-1QASA0A" failures="0" tests="5" name="Default test" time="61.639" errors="0" timestamp="2020-04-06T16:16:14 IST">
  <testcase classname="com.datadriven.test.MercuryToursTest" name="mercuryToursRegTest" time="5.525"/>
  <testcase classname="com.datadriven.test.MercuryToursTest" name="mercuryToursRegTest" time="6.138"/>
  <testcase classname="com.datadriven.test.MercuryToursTest" name="mercuryToursRegTest" time="3.862"/>
  <testcase classname="com.datadriven.test.MercuryToursTest" name="mercuryToursRegTest" time="2.799"/>
  <testcase classname="com.datadriven.test.MercuryToursTest" name="mercuryToursRegTest" time="2.778"/>
</testsuite> <!-- Default test -->
