<?xml version="1.0" encoding="UTF-8"?>
<testng-results ignored="0" total="5" passed="5" failed="0" skipped="0">
  <reporter-output>
  </reporter-output>
  <suite started-at="2020-04-06T16:15:12 IST" name="Default suite" finished-at="2020-04-06T16:16:13 IST" duration-ms="61639">
    <groups>
    </groups>
    <test started-at="2020-04-06T16:15:12 IST" name="Default test" finished-at="2020-04-06T16:16:13 IST" duration-ms="61639">
      <class name="com.datadriven.test.MercuryToursTest">
        <test-method is-config="true" signature="setUp()[pri:0, instance:com.datadriven.test.MercuryToursTest@2928854b]" started-at="2020-04-06T16:15:12 IST" name="setUp" finished-at="2020-04-06T16:15:33 IST" duration-ms="21365" status="PASS">
          <reporter-output>
          </reporter-output>
        </test-method> <!-- setUp -->
        <test-method signature="mercuryToursRegTest(java.lang.String, java.lang.String, java.lang.String, java.lang.String, java.lang.String, java.lang.String, java.lang.String, java.lang.String, java.lang.String, java.lang.String)[pri:0, instance:com.datadriven.test.MercuryToursTest@2928854b]" started-at="2020-04-06T16:15:51 IST" name="mercuryToursRegTest" data-provider="getTestData" finished-at="2020-04-06T16:15:57 IST" duration-ms="5525" status="PASS">
          <params>
            <param index="0">
              <value>
                <![CDATA[Tom]]>
              </value>
            </param>
            <param index="1">
              <value>
                <![CDATA[Peter]]>
              </value>
            </param>
            <param index="2">
              <value>
                <![CDATA[6.54564889E8]]>
              </value>
            </param>
            <param index="3">
              <value>
                <![CDATA[tom@yahoo.com]]>
              </value>
            </param>
            <param index="4">
              <value>
                <![CDATA[12,new street]]>
              </value>
            </param>
            <param index="5">
              <value>
                <![CDATA[downtown]]>
              </value>
            </param>
            <param index="6">
              <value>
                <![CDATA[Mumbai]]>
              </value>
            </param>
            <param index="7">
              <value>
                <![CDATA[Maharashtra]]>
              </value>
            </param>
            <param index="8">
              <value>
                <![CDATA[400016.0]]>
              </value>
            </param>
            <param index="9">
              <value>
                <![CDATA[INDIA]]>
              </value>
            </param>
          </params>
          <reporter-output>
          </reporter-output>
        </test-method> <!-- mercuryToursRegTest -->
        <test-method signature="mercuryToursRegTest(java.lang.String, java.lang.String, java.lang.String, java.lang.String, java.lang.String, java.lang.String, java.lang.String, java.lang.String, java.lang.String, java.lang.String)[pri:0, instance:com.datadriven.test.MercuryToursTest@2928854b]" started-at="2020-04-06T16:15:57 IST" name="mercuryToursRegTest" data-provider="getTestData" finished-at="2020-04-06T16:16:03 IST" duration-ms="6138" status="PASS">
          <params>
            <param index="0">
              <value>
                <![CDATA[Rahul ]]>
              </value>
            </param>
            <param index="1">
              <value>
                <![CDATA[Gupta]]>
              </value>
            </param>
            <param index="2">
              <value>
                <![CDATA[6.5456489E8]]>
              </value>
            </param>
            <param index="3">
              <value>
                <![CDATA[rahul@yahoo.com]]>
              </value>
            </param>
            <param index="4">
              <value>
                <![CDATA[13,new street]]>
              </value>
            </param>
            <param index="5">
              <value>
                <![CDATA[manvelpada talao]]>
              </value>
            </param>
            <param index="6">
              <value>
                <![CDATA[Mumbai]]>
              </value>
            </param>
            <param index="7">
              <value>
                <![CDATA[Maharashtra]]>
              </value>
            </param>
            <param index="8">
              <value>
                <![CDATA[400017.0]]>
              </value>
            </param>
            <param index="9">
              <value>
                <![CDATA[INDIA]]>
              </value>
            </param>
          </params>
          <reporter-output>
          </reporter-output>
        </test-method> <!-- mercuryToursRegTest -->
        <test-method signature="mercuryToursRegTest(java.lang.String, java.lang.String, java.lang.String, java.lang.String, java.lang.String, java.lang.String, java.lang.String, java.lang.String, java.lang.String, java.lang.String)[pri:0, instance:com.datadriven.test.MercuryToursTest@2928854b]" started-at="2020-04-06T16:16:03 IST" name="mercuryToursRegTest" data-provider="getTestData" finished-at="2020-04-06T16:16:07 IST" duration-ms="3862" status="PASS">
          <params>
            <param index="0">
              <value>
                <![CDATA[Vishal]]>
              </value>
            </param>
            <param index="1">
              <value>
                <![CDATA[Gupta]]>
              </value>
            </param>
            <param index="2">
              <value>
                <![CDATA[6.54564891E8]]>
              </value>
            </param>
            <param index="3">
              <value>
                <![CDATA[vishal@gmail.com]]>
              </value>
            </param>
            <param index="4">
              <value>
                <![CDATA[14,new street]]>
              </value>
            </param>
            <param index="5">
              <value>
                <![CDATA[manapakkam]]>
              </value>
            </param>
            <param index="6">
              <value>
                <![CDATA[Chennai]]>
              </value>
            </param>
            <param index="7">
              <value>
                <![CDATA[TamilNadu]]>
              </value>
            </param>
            <param index="8">
              <value>
                <![CDATA[400018.0]]>
              </value>
            </param>
            <param index="9">
              <value>
                <![CDATA[INDIA]]>
              </value>
            </param>
          </params>
          <reporter-output>
          </reporter-output>
        </test-method> <!-- mercuryToursRegTest -->
        <test-method signature="mercuryToursRegTest(java.lang.String, java.lang.String, java.lang.String, java.lang.String, java.lang.String, java.lang.String, java.lang.String, java.lang.String, java.lang.String, java.lang.String)[pri:0, instance:com.datadriven.test.MercuryToursTest@2928854b]" started-at="2020-04-06T16:16:07 IST" name="mercuryToursRegTest" data-provider="getTestData" finished-at="2020-04-06T16:16:10 IST" duration-ms="2799" status="PASS">
          <params>
            <param index="0">
              <value>
                <![CDATA[Raj]]>
              </value>
            </param>
            <param index="1">
              <value>
                <![CDATA[Gupta]]>
              </value>
            </param>
            <param index="2">
              <value>
                <![CDATA[6.54564892E8]]>
              </value>
            </param>
            <param index="3">
              <value>
                <![CDATA[raj@microsoft.com]]>
              </value>
            </param>
            <param index="4">
              <value>
                <![CDATA[15,new street]]>
              </value>
            </param>
            <param index="5">
              <value>
                <![CDATA[road no 0]]>
              </value>
            </param>
            <param index="6">
              <value>
                <![CDATA[Patna]]>
              </value>
            </param>
            <param index="7">
              <value>
                <![CDATA[Bihar]]>
              </value>
            </param>
            <param index="8">
              <value>
                <![CDATA[400019.0]]>
              </value>
            </param>
            <param index="9">
              <value>
                <![CDATA[INDIA]]>
              </value>
            </param>
          </params>
          <reporter-output>
          </reporter-output>
        </test-method> <!-- mercuryToursRegTest -->
        <test-method signature="mercuryToursRegTest(java.lang.String, java.lang.String, java.lang.String, java.lang.String, java.lang.String, java.lang.String, java.lang.String, java.lang.String, java.lang.String, java.lang.String)[pri:0, instance:com.datadriven.test.MercuryToursTest@2928854b]" started-at="2020-04-06T16:16:10 IST" name="mercuryToursRegTest" data-provider="getTestData" finished-at="2020-04-06T16:16:13 IST" duration-ms="2778" status="PASS">
          <params>
            <param index="0">
              <value>
                <![CDATA[Sandeeep]]>
              </value>
            </param>
            <param index="1">
              <value>
                <![CDATA[Soni]]>
              </value>
            </param>
            <param index="2">
              <value>
                <![CDATA[6.54564893E8]]>
              </value>
            </param>
            <param index="3">
              <value>
                <![CDATA[sandeep@hotmail.com]]>
              </value>
            </param>
            <param index="4">
              <value>
                <![CDATA[16,new street]]>
              </value>
            </param>
            <param index="5">
              <value>
                <![CDATA[gurgaon sector 5]]>
              </value>
            </param>
            <param index="6">
              <value>
                <![CDATA[Delhi]]>
              </value>
            </param>
            <param index="7">
              <value>
                <![CDATA[New Delhi]]>
              </value>
            </param>
            <param index="8">
              <value>
                <![CDATA[400020.0]]>
              </value>
            </param>
            <param index="9">
              <value>
                <![CDATA[INDIA]]>
              </value>
            </param>
          </params>
          <reporter-output>
          </reporter-output>
        </test-method> <!-- mercuryToursRegTest -->
        <test-method is-config="true" signature="tearDown()[pri:0, instance:com.datadriven.test.MercuryToursTest@2928854b]" started-at="2020-04-06T16:16:13 IST" name="tearDown" finished-at="2020-04-06T16:16:13 IST" duration-ms="820" status="PASS">
          <reporter-output>
          </reporter-output>
        </test-method> <!-- tearDown -->
      </class> <!-- com.datadriven.test.MercuryToursTest -->
    </test> <!-- Default test -->
  </suite> <!-- Default suite -->
</testng-results>
